<?xml version="1.0" encoding="UTF-8"?>
<testsuite name="MyListTest" tests="1" skipped="0" failures="0" errors="0" timestamp="2019-08-08T05:50:59" hostname="DESKTOP-ARL8TJG" time="0.002">
  <properties/>
  <testcase name="testMyListAddAllIndex" classname="MyListTest" time="0.002"/>
  <system-out><![CDATA[]]></system-out>
  <system-err><![CDATA[]]></system-err>
</testsuite>
